ActivityCommunication5/app/build/intermediates/manifest_merge_blame_file/debug/manifest-merger-blame-debug-report.txt
1<?xml version="1.0" encoding="utf-8"?>
2<manifest xmlns:android="http://schemas.android.com/apk/res/android"
3    package="edu.mit.icc_intent_component_name"
4    android:versionCode="1"
5    android:versionName="1.0" >
6
7    <uses-sdk
7-->src\main\AndroidManifest.xml:7:5-47
8        android:minSdkVersion="14"
8-->src\main\AndroidManifest.xml:7:5-47
9        android:targetSdkVersion="19" />
9-->src\main\AndroidManifest.xml:7:15-44
10
11    <uses-permission android:name="android.permission.READ_PHONE_STATE" />
11-->src\main\AndroidManifest.xml:35:5-75
11-->src\main\AndroidManifest.xml:35:22-72
12
13    <application
13-->src\main\AndroidManifest.xml:9:5-33:19
14        android:allowBackup="true"
14-->src\main\AndroidManifest.xml:10:9-35
15        android:debuggable="true"
16        android:icon="@drawable/ic_launcher"
16-->src\main\AndroidManifest.xml:11:9-45
17        android:label="@string/app_name"
17-->src\main\AndroidManifest.xml:12:9-41
18        android:theme="@style/AppTheme" >
18-->src\main\AndroidManifest.xml:13:9-40
19        <activity
19-->src\main\AndroidManifest.xml:14:9-22:20
20            android:name="edu.mit.icc_intent_component_name.OutFlowActivity"
20-->src\main\AndroidManifest.xml:15:13-77
21            android:label="@string/app_name" >
21-->src\main\AndroidManifest.xml:16:13-45
22            <intent-filter>
22-->src\main\AndroidManifest.xml:17:13-21:29
23                <action android:name="android.intent.action.MAIN" />
23-->src\main\AndroidManifest.xml:18:17-69
23-->src\main\AndroidManifest.xml:18:25-66
24
25                <category android:name="android.intent.category.LAUNCHER" />
25-->src\main\AndroidManifest.xml:20:17-77
25-->src\main\AndroidManifest.xml:20:27-74
26            </intent-filter>
27        </activity>
28        <activity
28-->src\main\AndroidManifest.xml:24:9-27:20
29            android:name="edu.mit.icc_intent_component_name.InFlowActivity"
29-->src\main\AndroidManifest.xml:25:13-76
30            android:label="@string/app_name" >
30-->src\main\AndroidManifest.xml:26:13-45
31        </activity>
32        <activity
32-->src\main\AndroidManifest.xml:29:9-32:20
33            android:name="edu.mit.icc_intent_component_name.IsolateActivity"
33-->src\main\AndroidManifest.xml:30:13-77
34            android:label="@string/app_name" >
34-->src\main\AndroidManifest.xml:31:13-45
35        </activity>
36    </application>
37
38</manifest>